{
  "RSpec": {
    "coverage": {
      "/Users/alexanderjamshidi/Documents/Projects/bookmark_manager/spec/bookmark_spec.rb": {
        "lines": [
          1,
          null,
          1,
          1,
          1,
          1,
          1,
          1,
          1,
          null,
          1,
          1,
          null,
          4,
          null,
          1,
          1,
          1,
          null,
          null,
          null,
          null
        ]
      },
      "/Users/alexanderjamshidi/Documents/Projects/bookmark_manager/spec/features/view_bookmark_spec.rb": {
        "lines": [
          1,
          1,
          1,
          1,
          0,
          0,
          0,
          null,
          null,
          null
        ]
      }
    },
    "timestamp": 1641917432
  }
}
